\BOOKMARK [1][-]{section.1}{\376\377\000I\000n\000t\000r\000o\000d\000u\000c\000c\000i\000\363\000n}{}% 1
\BOOKMARK [1][-]{section.2}{\376\377\000M\000\351\000t\000o\000d\000o\000\040\000d\000e\000\040\000d\000i\000f\000e\000r\000e\000n\000c\000i\000a\000s\000\040\000f\000i\000n\000i\000t\000a\000s}{}% 2
\BOOKMARK [2][-]{subsection.2.1}{\376\377\000E\000c\000u\000a\000c\000i\000\363\000n\000\040\000d\000e\000\040\000B\000u\000r\000g\000e\000r\000s\000\040\000n\000o\000\040\000v\000i\000s\000c\000o\000s\000a\000,\000\040\000e\000n\000\040\000u\000n\000a\000\040\000d\000i\000m\000e\000n\000s\000i\000\363\000n}{section.2}% 3
\BOOKMARK [3][-]{subsubsection.2.1.1}{\376\377\000D\000e\000s\000c\000r\000i\000p\000c\000i\000\363\000n\000\040\000d\000e\000l\000\040\000p\000r\000o\000b\000l\000e\000m\000a}{subsection.2.1}% 4
\BOOKMARK [3][-]{subsubsection.2.1.2}{\376\377\000A\000p\000l\000i\000c\000a\000c\000i\000\363\000n\000\040\000d\000e\000l\000\040\000m\000\351\000t\000o\000d\000o\000\040\000y\000\040\000c\000\363\000d\000i\000g\000o\000\040\000i\000m\000p\000l\000e\000m\000e\000n\000t\000a\000d\000o}{subsection.2.1}% 5
\BOOKMARK [3][-]{subsubsection.2.1.3}{\376\377\000R\000e\000s\000u\000l\000t\000a\000d\000o\000s}{subsection.2.1}% 6
\BOOKMARK [3][-]{subsubsection.2.1.4}{\376\377\000D\000i\000s\000c\000u\000s\000i\000\363\000n\000\040\000d\000e\000\040\000r\000e\000s\000u\000l\000t\000a\000d\000o\000s}{subsection.2.1}% 7
\BOOKMARK [2][-]{subsection.2.2}{\376\377\000E\000c\000u\000a\000c\000i\000\363\000n\000\040\000d\000e\000\040\000B\000u\000r\000g\000e\000r\000s\000\040\000v\000i\000s\000c\000o\000s\000a\000,\000\040\000e\000n\000\040\000u\000n\000a\000\040\000d\000i\000m\000e\000n\000s\000i\000\363\000n}{section.2}% 8
\BOOKMARK [3][-]{subsubsection.2.2.1}{\376\377\000D\000e\000s\000c\000r\000i\000p\000c\000i\000\363\000n\000\040\000d\000e\000l\000\040\000p\000r\000o\000b\000l\000e\000m\000a}{subsection.2.2}% 9
\BOOKMARK [3][-]{subsubsection.2.2.2}{\376\377\000A\000p\000l\000i\000c\000a\000c\000i\000\363\000n\000\040\000d\000e\000l\000\040\000m\000\351\000t\000o\000d\000o\000\040\000y\000\040\000c\000\363\000d\000i\000g\000o\000\040\000i\000m\000p\000l\000e\000m\000e\000n\000t\000a\000d\000o}{subsection.2.2}% 10
\BOOKMARK [3][-]{subsubsection.2.2.3}{\376\377\000R\000e\000s\000u\000l\000t\000a\000d\000o\000s}{subsection.2.2}% 11
\BOOKMARK [3][-]{subsubsection.2.2.4}{\376\377\000D\000i\000s\000c\000u\000s\000i\000\363\000n\000\040\000d\000e\000\040\000r\000e\000s\000u\000l\000t\000a\000d\000o\000s}{subsection.2.2}% 12
\BOOKMARK [1][-]{section.3}{\376\377\000M\000\351\000t\000o\000d\000o\000\040\000d\000e\000\040\000v\000o\000l\000\372\000m\000e\000n\000e\000s\000\040\000f\000i\000n\000i\000t\000o\000s}{}% 13
\BOOKMARK [2][-]{subsection.3.1}{\376\377\000E\000s\000q\000u\000e\000m\000a\000\040\000d\000e\000\040\000L\000a\000x\000-\000F\000r\000i\000e\000d\000r\000i\000c\000h\000s}{section.3}% 14
\BOOKMARK [2][-]{subsection.3.2}{\376\377\000E\000s\000q\000u\000e\000m\000a\000\040\000d\000e\000\040\000G\000o\000d\000u\000n\000o\000v}{section.3}% 15
\BOOKMARK [3][-]{subsubsection.3.2.1}{\376\377\000S\000o\000l\000u\000c\000i\000\363\000n\000\040\000d\000\351\000b\000i\000l\000\040\000d\000e\000\040\000u\000n\000a\000\040\000e\000c\000u\000a\000c\000i\000\363\000n\000\040\000d\000i\000f\000e\000r\000e\000n\000c\000i\000a\000l}{subsection.3.2}% 16
\BOOKMARK [3][-]{subsubsection.3.2.2}{\376\377\000P\000r\000o\000b\000l\000e\000m\000a\000\040\000d\000e\000\040\000R\000i\000e\000m\000a\000n\000n}{subsection.3.2}% 17
\BOOKMARK [3][-]{subsubsection.3.2.3}{\376\377\000C\000a\000s\000o\000\040\000u\000L\000\040\000>\000u\000R\000\040\000d\000e\000l\000\040\000p\000r\000o\000b\000l\000e\000m\000a\000\040\000d\000e\000\040\000R\000i\000e\000m\000a\000n\000n}{subsection.3.2}% 18
\BOOKMARK [3][-]{subsubsection.3.2.4}{\376\377\000C\000a\000s\000o\000\040\000u\000L\000\040\000<\000u\000R\000\040\000d\000e\000l\000\040\000p\000r\000o\000b\000l\000e\000m\000a\000\040\000d\000e\000\040\000R\000i\000e\000m\000a\000n\000n}{subsection.3.2}% 19
\BOOKMARK [3][-]{subsubsection.3.2.5}{\376\377\000C\000\341\000l\000c\000u\000l\000o\000\040\000d\000e\000l\000\040\000e\000s\000q\000u\000e\000m\000a\000\040\000d\000e\000\040\000G\000o\000d\000u\000n\000o\000v}{subsection.3.2}% 20
\BOOKMARK [2][-]{subsection.3.3}{\376\377\000E\000s\000q\000u\000e\000m\000a\000\040\000d\000e\000\040\000R\000o\000e}{section.3}% 21
\BOOKMARK [3][-]{subsubsection.3.3.1}{\376\377\000L\000i\000n\000e\000a\000l\000i\000z\000a\000c\000i\000\363\000n\000\040\000d\000e\000l\000\040\000p\000r\000o\000b\000l\000e\000m\000a}{subsection.3.3}% 22
\BOOKMARK [2][-]{subsection.3.4}{\376\377\000E\000c\000u\000a\000c\000i\000\363\000n\000\040\000d\000e\000\040\000B\000u\000r\000g\000e\000r\000s\000\040\000e\000n\000\040\000u\000n\000a\000\040\000d\000i\000m\000e\000n\000s\000i\000\363\000n}{section.3}% 23
\BOOKMARK [3][-]{subsubsection.3.4.1}{\376\377\000D\000e\000s\000c\000r\000i\000p\000c\000i\000\363\000n\000\040\000d\000e\000l\000\040\000p\000r\000o\000b\000l\000e\000m\000a}{subsection.3.4}% 24
\BOOKMARK [3][-]{subsubsection.3.4.2}{\376\377\000I\000m\000p\000l\000e\000m\000e\000n\000t\000a\000c\000i\000\363\000n\000\040\000d\000e\000l\000\040\000m\000\351\000t\000o\000d\000o}{subsection.3.4}% 25
\BOOKMARK [3][-]{subsubsection.3.4.3}{\376\377\000R\000e\000s\000u\000l\000t\000a\000d\000o\000s}{subsection.3.4}% 26
\BOOKMARK [1][-]{section.4}{\376\377\000M\000\351\000t\000o\000d\000o\000\040\000d\000e\000\040\000e\000l\000e\000m\000e\000n\000t\000o\000s\000\040\000f\000i\000n\000i\000t\000o\000s}{}% 27
\BOOKMARK [1][-]{section.5}{\376\377\000C\000o\000n\000c\000l\000u\000s\000i\000o\000n\000e\000s}{}% 28
